2016-06-18 16:34:37 - PHP Warning:  imagecreatetruecolor(): Invalid image dimensions in /home/u144513819/public_html/catalog/system/library/image.php on line 105
2016-06-18 16:34:37 - PHP Warning:  imagecolorallocate() expects parameter 1 to be resource, boolean given in /home/u144513819/public_html/catalog/system/library/image.php on line 113
2016-06-18 16:34:37 - PHP Warning:  imagefilledrectangle() expects parameter 1 to be resource, boolean given in /home/u144513819/public_html/catalog/system/library/image.php on line 116
2016-06-18 16:34:37 - PHP Warning:  imagecopyresampled() expects parameter 1 to be resource, boolean given in /home/u144513819/public_html/catalog/system/library/image.php on line 118
2016-06-18 16:34:37 - PHP Warning:  Missing argument 2 for Cart\Currency::format(), called in /home/u144513819/public_html/catalog/catalog/controller/product/category.php on line 195 and defined in /home/u144513819/public_html/catalog/system/library/cart/currency.php on line 24
2016-06-18 16:34:37 - PHP Notice:  Undefined variable: currency in /home/u144513819/public_html/catalog/system/library/cart/currency.php on line 25
2016-06-18 16:34:37 - PHP Notice:  Undefined index:  in /home/u144513819/public_html/catalog/system/library/cart/currency.php on line 25
2016-06-18 16:34:37 - PHP Notice:  Undefined variable: currency in /home/u144513819/public_html/catalog/system/library/cart/currency.php on line 26
2016-06-18 16:34:37 - PHP Notice:  Undefined index:  in /home/u144513819/public_html/catalog/system/library/cart/currency.php on line 26
2016-06-18 16:34:37 - PHP Notice:  Undefined variable: currency in /home/u144513819/public_html/catalog/system/library/cart/currency.php on line 27
2016-06-18 16:34:37 - PHP Notice:  Undefined index:  in /home/u144513819/public_html/catalog/system/library/cart/currency.php on line 27
2016-06-18 16:34:37 - PHP Notice:  Undefined variable: currency in /home/u144513819/public_html/catalog/system/library/cart/currency.php on line 30
2016-06-18 16:34:37 - PHP Notice:  Undefined index:  in /home/u144513819/public_html/catalog/system/library/cart/currency.php on line 30
2016-06-18 16:34:37 - PHP Warning:  Division by zero in /home/u144513819/public_html/catalog/catalog/controller/product/category.php on line 354
2016-06-18 16:34:37 - PHP Notice:  Error: Could not load template /home/u144513819/public_html/catalog/catalog/view/theme/default/template/default/template/product/category.tpl! in /home/u144513819/public_html/catalog/system/storage/modification/system/library/template/basic.php on line 26
2016-06-18 16:35:03 - PHP Warning:  imagecreatetruecolor(): Invalid image dimensions in /home/u144513819/public_html/catalog/system/library/image.php on line 105
2016-06-18 16:35:03 - PHP Warning:  imagecolorallocate() expects parameter 1 to be resource, boolean given in /home/u144513819/public_html/catalog/system/library/image.php on line 113
2016-06-18 16:35:03 - PHP Warning:  imagefilledrectangle() expects parameter 1 to be resource, boolean given in /home/u144513819/public_html/catalog/system/library/image.php on line 116
2016-06-18 16:35:03 - PHP Warning:  imagecopyresampled() expects parameter 1 to be resource, boolean given in /home/u144513819/public_html/catalog/system/library/image.php on line 118
2016-06-18 16:35:03 - PHP Warning:  Missing argument 2 for Cart\Currency::format(), called in /home/u144513819/public_html/catalog/catalog/controller/product/category.php on line 195 and defined in /home/u144513819/public_html/catalog/system/library/cart/currency.php on line 24
2016-06-18 16:35:03 - PHP Notice:  Undefined variable: currency in /home/u144513819/public_html/catalog/system/library/cart/currency.php on line 25
2016-06-18 16:35:03 - PHP Notice:  Undefined index:  in /home/u144513819/public_html/catalog/system/library/cart/currency.php on line 25
2016-06-18 16:35:03 - PHP Notice:  Undefined variable: currency in /home/u144513819/public_html/catalog/system/library/cart/currency.php on line 26
2016-06-18 16:35:03 - PHP Notice:  Undefined index:  in /home/u144513819/public_html/catalog/system/library/cart/currency.php on line 26
2016-06-18 16:35:03 - PHP Notice:  Undefined variable: currency in /home/u144513819/public_html/catalog/system/library/cart/currency.php on line 27
2016-06-18 16:35:03 - PHP Notice:  Undefined index:  in /home/u144513819/public_html/catalog/system/library/cart/currency.php on line 27
2016-06-18 16:35:03 - PHP Notice:  Undefined variable: currency in /home/u144513819/public_html/catalog/system/library/cart/currency.php on line 30
2016-06-18 16:35:03 - PHP Notice:  Undefined index:  in /home/u144513819/public_html/catalog/system/library/cart/currency.php on line 30
2016-06-18 16:35:03 - PHP Warning:  Division by zero in /home/u144513819/public_html/catalog/catalog/controller/product/category.php on line 354
2016-06-18 16:35:03 - PHP Notice:  Error: Could not load template /home/u144513819/public_html/catalog/catalog/view/theme/default/template/default/template/product/category.tpl! in /home/u144513819/public_html/catalog/system/storage/modification/system/library/template/basic.php on line 26
2016-06-18 16:35:14 - PHP Warning:  imagecreatetruecolor(): Invalid image dimensions in /home/u144513819/public_html/catalog/system/library/image.php on line 105
2016-06-18 16:35:14 - PHP Warning:  imagecolorallocate() expects parameter 1 to be resource, boolean given in /home/u144513819/public_html/catalog/system/library/image.php on line 113
2016-06-18 16:35:14 - PHP Warning:  imagefilledrectangle() expects parameter 1 to be resource, boolean given in /home/u144513819/public_html/catalog/system/library/image.php on line 116
2016-06-18 16:35:14 - PHP Warning:  imagecopyresampled() expects parameter 1 to be resource, boolean given in /home/u144513819/public_html/catalog/system/library/image.php on line 118
2016-06-18 16:35:14 - PHP Warning:  imagecreatetruecolor(): Invalid image dimensions in /home/u144513819/public_html/catalog/system/library/image.php on line 105
2016-06-18 16:35:14 - PHP Warning:  imagecolorallocate() expects parameter 1 to be resource, boolean given in /home/u144513819/public_html/catalog/system/library/image.php on line 113
2016-06-18 16:35:14 - PHP Warning:  imagefilledrectangle() expects parameter 1 to be resource, boolean given in /home/u144513819/public_html/catalog/system/library/image.php on line 116
2016-06-18 16:35:14 - PHP Warning:  imagecopyresampled() expects parameter 1 to be resource, boolean given in /home/u144513819/public_html/catalog/system/library/image.php on line 118
2016-06-18 16:35:14 - PHP Warning:  Missing argument 2 for Cart\Currency::format(), called in /home/u144513819/public_html/catalog/catalog/controller/product/product.php on line 313 and defined in /home/u144513819/public_html/catalog/system/library/cart/currency.php on line 24
2016-06-18 16:35:14 - PHP Notice:  Undefined variable: currency in /home/u144513819/public_html/catalog/system/library/cart/currency.php on line 25
2016-06-18 16:35:14 - PHP Notice:  Undefined index:  in /home/u144513819/public_html/catalog/system/library/cart/currency.php on line 25
2016-06-18 16:35:14 - PHP Notice:  Undefined variable: currency in /home/u144513819/public_html/catalog/system/library/cart/currency.php on line 26
2016-06-18 16:35:14 - PHP Notice:  Undefined index:  in /home/u144513819/public_html/catalog/system/library/cart/currency.php on line 26
2016-06-18 16:35:14 - PHP Notice:  Undefined variable: currency in /home/u144513819/public_html/catalog/system/library/cart/currency.php on line 27
2016-06-18 16:35:14 - PHP Notice:  Undefined index:  in /home/u144513819/public_html/catalog/system/library/cart/currency.php on line 27
2016-06-18 16:35:14 - PHP Notice:  Undefined variable: currency in /home/u144513819/public_html/catalog/system/library/cart/currency.php on line 30
2016-06-18 16:35:14 - PHP Notice:  Undefined index:  in /home/u144513819/public_html/catalog/system/library/cart/currency.php on line 30
2016-06-18 16:35:15 - PHP Notice:  Error: Could not load template /home/u144513819/public_html/catalog/catalog/view/theme/default/template/default/template/product/product.tpl! in /home/u144513819/public_html/catalog/system/storage/modification/system/library/template/basic.php on line 26
